<?xml version="1.0" encoding="UTF-8"?>
<!-- Generated by org.testng.reporters.JUnitReportReporter -->
<testsuite hostname="Julia-PC" name="com.example.tests.GroupCreationTests" tests="2" failures="0" timestamp="12 Oct 2014 12:17:29 GMT" time="5.920" errors="0">
  <testcase name="testNonEmptyGroupCreation" time="3.045" classname="com.example.tests.GroupCreationTests"/>
  <testcase name="testEmptyGroupCreation" time="2.875" classname="com.example.tests.GroupCreationTests"/>
</testsuite> <!-- com.example.tests.GroupCreationTests -->
