<?xml version="1.0" encoding="UTF-8"?>
<!-- Generated by org.testng.reporters.JUnitReportReporter -->
<testsuite hostname="Julia-PC" name="com.example.tests.ContactCreationTests" tests="2" failures="0" timestamp="12 Oct 2014 12:17:29 GMT" time="8.495" errors="0">
  <testcase name="testNonEmptyContactCreation" time="4.579" classname="com.example.tests.ContactCreationTests"/>
  <testcase name="testEmptyContactCreation" time="3.916" classname="com.example.tests.ContactCreationTests"/>
</testsuite> <!-- com.example.tests.ContactCreationTests -->
