<?xml version="1.0" encoding="UTF-8"?>
<!-- Generated by org.testng.reporters.JUnitReportReporter -->
<testsuite hostname="Julia-PC" name="com.example.tests.GroupCreationTests" tests="2" failures="0" timestamp="12 Oct 2014 18:24:39 GMT" time="5.406" errors="0">
  <testcase name="testEmptyGroupCreation" time="2.488" classname="com.example.tests.GroupCreationTests"/>
  <testcase name="testNonEmptyGroupCreation" time="2.918" classname="com.example.tests.GroupCreationTests"/>
</testsuite> <!-- com.example.tests.GroupCreationTests -->
