<?xml version="1.0" encoding="UTF-8"?>
<!-- Generated by org.testng.reporters.JUnitReportReporter -->
<testsuite hostname="Julia-PC" name="com.example.tests.ContactCreationTests" tests="2" failures="0" timestamp="12 Oct 2014 18:24:39 GMT" time="9.478" errors="0">
  <testcase name="testEmptyContactCreation" time="4.170" classname="com.example.tests.ContactCreationTests"/>
  <testcase name="testNonEmptyContactCreation" time="5.308" classname="com.example.tests.ContactCreationTests"/>
</testsuite> <!-- com.example.tests.ContactCreationTests -->
