<?xml version="1.0" encoding="UTF-8"?>
<!-- Generated by org.testng.reporters.JUnitReportReporter -->
<testsuite hostname="Julia-PC" name="com.example.tests.AlsoGroupCreationTests" tests="2" failures="0" timestamp="12 Oct 2014 12:17:29 GMT" time="8.119" errors="0">
  <testcase name="testEmptyGroupCreation" time="4.660" classname="com.example.tests.AlsoGroupCreationTests"/>
  <testcase name="testNonEmptyGroupCreation" time="3.459" classname="com.example.tests.AlsoGroupCreationTests"/>
</testsuite> <!-- com.example.tests.AlsoGroupCreationTests -->
